{"level":"error","message":"❌ Error getting wallet balance: Cannot read properties of undefined (reading '_id')","timestamp":"2025-10-10 14:20:59"}
{"level":"error","message":"Error creating wallet:","timestamp":"2025-10-10 14:33:22"}
{"level":"error","message":"Error creating wallet:","timestamp":"2025-10-10 14:34:17"}
{"level":"error","message":"Error creating wallet:","timestamp":"2025-10-10 14:40:19"}
{"level":"error","message":"Error creating wallet:","timestamp":"2025-10-10 15:10:44"}
{"level":"error","message":"❌ Failed to fetch wallet: Cannot destructure property 'accountNumber' of 'req.body' as it is undefined.","stack":"TypeError: Cannot destructure property 'accountNumber' of 'req.body' as it is undefined.\n    at getWallet (C:\\Users\\user\\Desktop\\Victor\\Software\\Backend\\Projects\\FinStack__Folder\\finStack\\controllers\\walletController.js:79:13)\n    at Layer.handleRequest (C:\\Users\\user\\Desktop\\Victor\\Software\\Backend\\Projects\\FinStack__Folder\\finStack\\node_modules\\router\\lib\\layer.js:152:17)\n    at next (C:\\Users\\user\\Desktop\\Victor\\Software\\Backend\\Projects\\FinStack__Folder\\finStack\\node_modules\\router\\lib\\route.js:157:13)\n    at verifyToken (C:\\Users\\user\\Desktop\\Victor\\Software\\Backend\\Projects\\FinStack__Folder\\finStack\\middlewares\\validateToken.js:33:5)\n    at process.processTicksAndRejections (node:internal/process/task_queues:105:5)","timestamp":"2025-10-10 15:25:34"}
{"level":"error","message":"❌ Failed to fetch wallet: axios is not defined","stack":"ReferenceError: axios is not defined\n    at getWallet (C:\\Users\\user\\Desktop\\Victor\\Software\\Backend\\Projects\\FinStack__Folder\\finStack\\controllers\\walletController.js:93:22)\n    at process.processTicksAndRejections (node:internal/process/task_queues:105:5)","timestamp":"2025-10-10 15:46:54"}
{"level":"error","message":"❌ Deposit error: Transaction validation failed: walletId: Cast to ObjectId failed for value \"1234567890\" (type string) at path \"walletId\" because of \"BSONError\", currency: Path `currency` is required., status: `SUCCESS` is not a valid enum value for path `status`.","timestamp":"2025-10-12 03:13:20"}
{"level":"error","message":"❌ Withdrawal Service Error: Account number, destination, and amount are required","timestamp":"2025-10-12 03:22:36"}
{"level":"error","message":"❌ Withdrawal error: Account number, destination, and amount are required","timestamp":"2025-10-12 03:22:36"}
{"level":"error","message":"❌ Withdrawal Service Error: Account number, destination, and amount are required","timestamp":"2025-10-12 03:22:58"}
{"level":"error","message":"❌ Withdrawal error: Account number, destination, and amount are required","timestamp":"2025-10-12 03:22:58"}
{"level":"error","message":"❌ Withdrawal Service Error: Account number, destination, and amount are required","timestamp":"2025-10-12 03:26:27"}
{"level":"error","message":"❌ Withdrawal error: Account number, destination, and amount are required","timestamp":"2025-10-12 03:26:27"}
{"level":"error","message":"❌ Withdrawal Service Error: Account number, destination, and amount are required","timestamp":"2025-10-12 03:27:17"}
{"level":"error","message":"❌ Withdrawal error: Account number, destination, and amount are required","timestamp":"2025-10-12 03:27:17"}
{"level":"error","message":"❌ Withdrawal Service Error: Account number, destination, and amount are required","timestamp":"2025-10-12 03:28:05"}
{"level":"error","message":"❌ Withdrawal error: Account number, destination, and amount are required","timestamp":"2025-10-12 03:28:05"}
{"level":"error","message":"❌ Withdrawal Service Error: Account number, destination, and amount are required","timestamp":"2025-10-12 03:30:46"}
{"level":"error","message":"❌ Withdrawal error: Account number, destination, and amount are required","timestamp":"2025-10-12 03:30:46"}
{"level":"error","message":"❌ Withdrawal Service Error: Account number, destination, and amount are required","timestamp":"2025-10-12 03:31:30"}
{"level":"error","message":"❌ Withdrawal error: Account number, destination, and amount are required","timestamp":"2025-10-12 03:31:30"}
{"level":"error","message":"❌ Withdrawal Service Error: Account number, destination, and amount are required","timestamp":"2025-10-12 03:33:38"}
{"level":"error","message":"❌ Withdrawal error: Account number, destination, and amount are required","timestamp":"2025-10-12 03:33:38"}
{"level":"error","message":"❌ Withdrawal Service Error: Account number, destination, and amount are required","timestamp":"2025-10-12 03:34:17"}
{"level":"error","message":"❌ Withdrawal error: Account number, destination, and amount are required","timestamp":"2025-10-12 03:34:17"}
{"level":"error","message":"❌ Withdrawal Service Error: Cannot access 'data' before initialization","timestamp":"2025-10-12 03:42:18"}
{"level":"error","message":"❌ Withdrawal error: Cannot access 'data' before initialization","timestamp":"2025-10-12 03:42:18"}
{"level":"error","message":"❌ Wallet creation error: getaddrinfo ENOTFOUND sandbox.blockradar.co","timestamp":"2025-10-18 12:49:22"}
{"level":"error","message":"❌ Wallet creation error: Invalid URL","timestamp":"2025-10-18 12:53:25"}
{"level":"error","message":"❌ Wallet creation error: currency is not defined","timestamp":"2025-10-18 13:01:55"}
{"level":"error","message":"❌ Wallet creation error: currency is not defined","timestamp":"2025-10-18 13:02:14"}
{"level":"error","message":"❌ Wallet creation error: E11000 duplicate key error collection: test.wallets index: user_id_1 dup key: { user_id: ObjectId('68dfb80f57ce36ee02e81e4a') }","timestamp":"2025-10-18 14:53:22"}
{"level":"error","message":"❌ Deposit error: Request failed with status code 404","timestamp":"2025-10-18 16:31:53"}
{"level":"error","message":"❌ Deposit error: Request failed with status code 404","timestamp":"2025-10-18 17:01:08"}
{"level":"error","message":"❌ Deposit error: Request failed with status code 404","timestamp":"2025-10-18 17:35:54"}
{"level":"error","message":"❌ Deposit error: Request failed with status code 404","timestamp":"2025-10-18 17:45:10"}
{"level":"error","message":"❌ Deposit error: Request failed with status code 404","timestamp":"2025-10-18 17:55:57"}
{"level":"error","message":"❌ Deposit error: Request failed with status code 404","timestamp":"2025-10-18 17:56:20"}
{"level":"error","message":"❌ Deposit error: Request failed with status code 404","timestamp":"2025-10-18 17:57:13"}
{"level":"error","message":"❌ Deposit error: Request failed with status code 404","timestamp":"2025-10-18 17:57:53"}
{"level":"error","message":"❌ Deposit error: Request failed with status code 404","timestamp":"2025-10-18 18:00:45"}
{"level":"error","message":"❌ Deposit error: Request failed with status code 404","timestamp":"2025-10-18 18:07:57"}
{"level":"error","message":"❌ Deposit error: Request failed with status code 404","timestamp":"2025-10-18 18:08:41"}
{"level":"error","message":"❌ Deposit error: Request failed with status code 404","timestamp":"2025-10-18 18:12:02"}
{"level":"error","message":"❌ Withdrawal completion error: withdrawFundsService is not a function","timestamp":"2025-10-19 12:16:33"}
{"level":"error","message":"❌ Withdrawal completion error: withdrawFundsService is not a function","timestamp":"2025-10-19 12:19:44"}
{"level":"error","message":"❌ Withdrawal Service Error: Account number, destination, and amount are required","timestamp":"2025-10-19 12:25:53"}
{"level":"error","message":"❌ Withdrawal completion error: Account number, destination, and amount are required","timestamp":"2025-10-19 12:25:53"}
{"level":"error","message":"❌ Withdrawal Service Error: Account number, destination, and amount are required","timestamp":"2025-10-19 12:29:06"}
{"level":"error","message":"❌ Withdrawal completion error: Account number, destination, and amount are required","timestamp":"2025-10-19 12:29:06"}
{"level":"error","message":"❌ Wallet creation error: Blockradar response missing wallet ID or address for source account.","timestamp":"2025-10-19 15:28:07"}
{"level":"error","message":"❌ Wallet creation error: Blockradar response missing wallet ID or address for source account.","timestamp":"2025-10-19 15:29:55"}
{"level":"error","message":"❌ Wallet creation error: Blockradar response missing wallet ID or address for source account.","timestamp":"2025-10-19 15:32:26"}
{"level":"error","message":"❌ Withdrawal completion error: logTransaction is not defined","timestamp":"2025-10-19 16:39:11"}
{"level":"error","message":"❌ Deposit error: 9PSB Service failed: Request failed with status code 500","timestamp":"2025-11-03 13:43:46"}
{"level":"error","message":"❌ Deposit error: Operation `wallets.findOne()` buffering timed out after 10000ms","timestamp":"2025-11-03 14:06:45"}
{"level":"error","message":"❌ Deposit error: 9PSB Service failed: Request failed with status code 500","timestamp":"2025-11-03 14:10:18"}
{"level":"error","message":"❌ Deposit error: 9PSB Service failed: Request failed with status code 500","timestamp":"2025-11-03 14:16:42"}
{"level":"error","message":"❌ Deposit error: 9PSB Service failed: Request failed with status code 500","timestamp":"2025-11-03 14:17:18"}
{"level":"error","message":"❌ Deposit error: 9PSB Service failed: Request failed with status code 500","timestamp":"2025-11-03 14:26:08"}
{"level":"error","message":"❌ Deposit error: 9PSB Service failed: Request failed with status code 500","timestamp":"2025-11-03 14:29:30"}
{"level":"error","message":"❌ Deposit error: 9PSB Service failed: Request failed with status code 500","timestamp":"2025-11-03 14:40:09"}
{"level":"error","message":"❌ Deposit error: 9PSB Service failed: Request failed with status code 500","timestamp":"2025-11-03 14:40:37"}
{"level":"error","message":"❌ Deposit error: 9PSB Service failed: Request failed with status code 500","timestamp":"2025-11-03 14:55:20"}
{"level":"error","message":"❌ Deposit error: 9PSB Service failed: Request failed with status code 500","timestamp":"2025-11-03 14:59:18"}
{"level":"error","message":"❌ Deposit error: 9PSB Service failed: Request failed with status code 500","timestamp":"2025-11-03 15:05:02"}
{"level":"error","message":"❌ Deposit error: WAAS9577771291298 is not defined","timestamp":"2025-11-03 15:09:56"}
{"level":"error","message":"❌ Deposit error: 9PSB Service failed: Request failed with status code 500","timestamp":"2025-11-03 15:14:24"}
{"level":"error","message":"❌ Deposit error: 9PSB Service failed: Request failed with status code 500","timestamp":"2025-11-03 16:19:17"}
{"level":"error","message":"❌ Deposit error: 9PSB Service failed: Request failed with status code 500","timestamp":"2025-11-03 16:22:46"}
{"level":"error","message":"❌ Deposit error: 9PSB Service failed: Request failed with status code 500","timestamp":"2025-11-03 16:24:15"}
{"level":"error","message":"❌ Deposit error: 9PSB Service failed: Request failed with status code 500","timestamp":"2025-11-03 16:34:22"}
{"level":"error","message":"❌ Deposit error: 9PSB Service failed: Request failed with status code 500","timestamp":"2025-11-03 16:34:39"}
{"level":"error","message":"❌ Deposit error: 9PSB Service failed: Request failed with status code 500","timestamp":"2025-11-03 19:05:51"}
{"level":"error","message":"❌ Deposit error: 9PSB Service failed: Request failed with status code 500","timestamp":"2025-11-03 19:07:12"}
{"level":"error","message":"❌ Deposit error: 9PSB Service failed: Request failed with status code 500","timestamp":"2025-11-07 03:05:36"}
{"level":"error","message":"❌ Deposit error: 9PSB Service failed: Request failed with status code 500","timestamp":"2025-11-07 03:28:34"}
{"level":"error","message":"❌ Deposit error: 9PSB Service failed: Request failed with status code 500","timestamp":"2025-11-07 03:36:54"}
{"level":"error","message":"❌ Deposit error: 9PSB Service failed: Request failed with status code 500","timestamp":"2025-11-07 03:39:24"}
{"level":"error","message":"❌ Deposit error: 9PSB Service failed: Request failed with status code 500","timestamp":"2025-11-07 03:42:38"}
{"level":"error","message":"❌ Deposit error: 9PSB Service failed: Request failed with status code 500","timestamp":"2025-11-07 03:49:33"}
{"level":"error","message":"❌ Deposit error: 9PSB Service failed: Request failed with status code 500","timestamp":"2025-11-07 03:49:51"}
{"level":"error","message":"❌ Deposit error: 9PSB Service failed: Request failed with status code 500","timestamp":"2025-11-07 03:54:41"}
{"level":"error","message":"❌ Deposit error: 9PSB Service failed: Request failed with status code 500","timestamp":"2025-11-07 09:47:15"}
{"level":"error","message":"❌ Deposit error: 9PSB Service failed: Request failed with status code 500","timestamp":"2025-11-08 02:10:20"}
{"level":"error","message":"❌ Deposit error: 9PSB Service failed: Request failed with status code 500","timestamp":"2025-11-08 02:34:45"}
{"level":"error","message":"❌ Deposit error: 9PSB Service failed: Request failed with status code 500","timestamp":"2025-11-08 02:44:37"}
{"level":"error","message":"❌ Deposit error: 9PSB Service failed: url is not defined","timestamp":"2025-11-08 10:17:26"}
{"level":"error","message":"❌ Deposit error: url is not defined","timestamp":"2025-11-08 13:49:24"}
{"level":"error","message":"❌ Deposit error: Cannot read properties of undefined (reading 'success')","timestamp":"2025-11-08 14:13:51"}
{"level":"error","message":"❌ Deposit error: Cannot read properties of undefined (reading 'success')","timestamp":"2025-11-08 14:22:34"}
{"level":"error","message":"❌ OTP Generation/Sending Error for P2P_SETTLEMENT: Request failed with status code 401","timestamp":"2025-12-03 03:40:02"}
{"level":"error","message":"❌ OTP Generation/Sending Error for P2P_SETTLEMENT: Request failed with status code 401","timestamp":"2025-12-03 14:19:08"}
